c:\users\userpc\source\repos\dndgame\dndgame\x64\debug\vc143.pdb
c:\users\userpc\source\repos\dndgame\dndgame\x64\debug\vc143.idb
c:\users\userpc\source\repos\dndgame\dndgame\x64\debug\test_dndgame.obj
c:\users\userpc\source\repos\dndgame\dndgame\x64\debug\dndgame.obj
c:\users\userpc\source\repos\dndgame\dndgame\x64\debug\trie.obj
c:\users\userpc\source\repos\dndgame\dndgame\x64\debug\dndgame.ilk
c:\users\userpc\source\repos\dndgame\dndgame\x64\debug\dndgame.obj.enc
c:\users\userpc\source\repos\dndgame\x64\debug\dndgame.pdb
c:\users\userpc\source\repos\dndgame\dndgame\x64\debug\dndgame.tlog\cl.command.1.tlog
c:\users\userpc\source\repos\dndgame\dndgame\x64\debug\dndgame.tlog\cl.items.tlog
c:\users\userpc\source\repos\dndgame\dndgame\x64\debug\dndgame.tlog\cl.read.1.tlog
c:\users\userpc\source\repos\dndgame\dndgame\x64\debug\dndgame.tlog\cl.write.1.tlog
c:\users\userpc\source\repos\dndgame\dndgame\x64\debug\dndgame.tlog\link-cvtres.read.1.tlog
c:\users\userpc\source\repos\dndgame\dndgame\x64\debug\dndgame.tlog\link-cvtres.write.1.tlog
c:\users\userpc\source\repos\dndgame\dndgame\x64\debug\dndgame.tlog\link-rc.read.1.tlog
c:\users\userpc\source\repos\dndgame\dndgame\x64\debug\dndgame.tlog\link-rc.write.1.tlog
c:\users\userpc\source\repos\dndgame\dndgame\x64\debug\dndgame.tlog\link.31232-cvtres.read.1.tlog
c:\users\userpc\source\repos\dndgame\dndgame\x64\debug\dndgame.tlog\link.31232-cvtres.write.1.tlog
c:\users\userpc\source\repos\dndgame\dndgame\x64\debug\dndgame.tlog\link.31232-rc.read.1.tlog
c:\users\userpc\source\repos\dndgame\dndgame\x64\debug\dndgame.tlog\link.31232-rc.write.1.tlog
c:\users\userpc\source\repos\dndgame\dndgame\x64\debug\dndgame.tlog\link.31232.read.1.tlog
c:\users\userpc\source\repos\dndgame\dndgame\x64\debug\dndgame.tlog\link.31232.read.2.tlog
c:\users\userpc\source\repos\dndgame\dndgame\x64\debug\dndgame.tlog\link.31232.write.1.tlog
c:\users\userpc\source\repos\dndgame\dndgame\x64\debug\dndgame.tlog\link.command.1.tlog
c:\users\userpc\source\repos\dndgame\dndgame\x64\debug\dndgame.tlog\link.read.1.tlog
c:\users\userpc\source\repos\dndgame\dndgame\x64\debug\dndgame.tlog\link.read.2.tlog
c:\users\userpc\source\repos\dndgame\dndgame\x64\debug\dndgame.tlog\link.secondary.1.tlog
c:\users\userpc\source\repos\dndgame\dndgame\x64\debug\dndgame.tlog\link.write.1.tlog
